<?xml version="1.0" encoding="UTF-8"?>
<testng-results ignored="0" total="1" passed="1" failed="0" skipped="0">
  <reporter-output>
  </reporter-output>
  <suite started-at="2023-12-30T11:04:44 IST" name="Default suite" finished-at="2023-12-30T11:06:20 IST" duration-ms="96065">
    <groups>
    </groups>
    <test started-at="2023-12-30T11:04:44 IST" name="Default test" finished-at="2023-12-30T11:06:20 IST" duration-ms="96065">
      <class name="ATecommerce_project.Proj1.Test1">
        <test-method is-config="true" signature="Browsersetup()[pri:0, instance:ATecommerce_project.Proj1.Test1@33bc72d1]" started-at="2023-12-30T11:04:44 IST" name="Browsersetup" finished-at="2023-12-30T11:04:59 IST" duration-ms="15134" status="PASS">
          <reporter-output>
          </reporter-output>
        </test-method> <!-- Browsersetup -->
        <test-method signature="Testbestbuy()[pri:0, instance:ATecommerce_project.Proj1.Test1@33bc72d1]" started-at="2023-12-30T11:04:59 IST" name="Testbestbuy" finished-at="2023-12-30T11:06:20 IST" duration-ms="80815" status="PASS">
          <reporter-output>
          </reporter-output>
        </test-method> <!-- Testbestbuy -->
        <test-method is-config="true" signature="browser_close()[pri:0, instance:ATecommerce_project.Proj1.Test1@33bc72d1]" started-at="2023-12-30T11:06:20 IST" name="browser_close" finished-at="2023-12-30T11:06:20 IST" duration-ms="1" status="PASS">
          <reporter-output>
          </reporter-output>
        </test-method> <!-- browser_close -->
      </class> <!-- ATecommerce_project.Proj1.Test1 -->
    </test> <!-- Default test -->
  </suite> <!-- Default suite -->
</testng-results>
